\BOOKMARK [1][-]{section*.6}{\376\377\000T\000a\000r\000e\000a}{}% 1
\BOOKMARK [1][-]{section*.8}{\376\377\000P\000r\000o\000p\000u\000e\000s\000t\000a\000:\000\040\000o\000p\000t\000i\000m\000i\000z\000a\000c\000i\000\363\000n\000\040\000d\000e\000l\000\040\000r\000e\000n\000d\000e\000z\000v\000o\000u\000s\000\040\000p\000a\000r\000a\000\040\000d\000o\000s\000\040\000c\000o\000b\000o\000t\000s\000\040\000c\000o\000o\000p\000e\000r\000a\000t\000i\000v\000o\000s}{}% 2
\BOOKMARK [2][-]{section*.12}{\376\377\000V\000a\000r\000i\000a\000b\000l\000e\000s\000\040\000d\000e\000\040\000d\000e\000c\000i\000s\000i\000\363\000n}{section*.8}% 3
\BOOKMARK [2][-]{section*.13}{\376\377\000F\000u\000n\000c\000i\000\363\000n\000\040\000o\000b\000j\000e\000t\000i\000v\000o}{section*.8}% 4
\BOOKMARK [2][-]{section*.14}{\376\377\000R\000e\000s\000t\000r\000i\000c\000c\000i\000o\000n\000e\000s}{section*.8}% 5
\BOOKMARK [2][-]{section*.15}{\376\377\000F\000u\000n\000c\000i\000\363\000n\000\040\000d\000e\000\040\000m\000\351\000r\000i\000t\000o\000\040\000p\000e\000n\000a\000l\000i\000z\000a\000d\000a}{section*.8}% 6
\BOOKMARK [2][-]{section*.16}{\376\377\000N\000o\000t\000a\000s}{section*.8}% 7
\BOOKMARK [1][-]{section*.18}{\376\377\000P\000r\000o\000p\000u\000e\000s\000t\000a\000\040\000t\000\351\000c\000n\000i\000c\000a\000\040\000d\000e\000\040\000b\000\372\000s\000q\000u\000e\000d\000a\000\040\000l\000o\000c\000a\000l}{}% 8
\BOOKMARK [2][-]{section*.19}{\376\377\000A\000l\000g\000o\000r\000i\000t\000m\000o\000\040\000e\000l\000e\000g\000i\000d\000o}{section*.18}% 9
\BOOKMARK [2][-]{section*.20}{\376\377\000D\000i\000s\000e\000\361\000o\000\040\000d\000e\000l\000\040\000a\000l\000g\000o\000r\000i\000t\000m\000o}{section*.18}% 10
\BOOKMARK [2][-]{section*.24}{\376\377\000C\000o\000n\000f\000i\000g\000u\000r\000a\000c\000i\000\363\000n\000\040\000d\000e\000\040\000p\000a\000r\000\341\000m\000e\000t\000r\000o\000s}{section*.18}% 11
\BOOKMARK [2][-]{section*.25}{\376\377\000D\000i\000s\000e\000\361\000o\000\040\000e\000x\000p\000e\000r\000i\000m\000e\000n\000t\000a\000l}{section*.18}% 12
\BOOKMARK [2][-]{section*.26}{\376\377\000R\000e\000s\000u\000l\000t\000a\000d\000o\000s\000\040\000\050\000e\000s\000q\000u\000e\000m\000a\000\051}{section*.18}% 13
\BOOKMARK [2][-]{section*.30}{\376\377\000C\000o\000n\000c\000l\000u\000s\000i\000o\000n\000e\000s\000\040\000\050\000e\000x\000p\000e\000c\000t\000a\000t\000i\000v\000a\000s\000\051}{section*.18}% 14
\BOOKMARK [1][-]{section*.32}{\376\377\000R\000e\000v\000i\000s\000i\000\363\000n\000\040\000y\000\040\000d\000e\000s\000a\000r\000r\000o\000l\000l\000o\000\040\000d\000e\000\040\000l\000a\000\040\000p\000r\000o\000p\000u\000e\000s\000t\000a\000\040\000t\000\351\000c\000n\000i\000c\000a\000\040\000d\000e\000\040\000b\000\372\000s\000q\000u\000e\000d\000a\000\040\000l\000o\000c\000a\000l\000\040\000y\000\040\000p\000r\000o\000p\000u\000e\000s\000t\000a\000\040\000f\000i\000n\000a\000l}{}% 15
\BOOKMARK [2][-]{section*.33}{\376\377\000R\000e\000v\000i\000s\000i\000\363\000n\000\040\000d\000e\000l\000\040\000p\000r\000o\000f\000e\000s\000o\000r\000a\000d\000o}{section*.32}% 16
\BOOKMARK [2][-]{section*.34}{\376\377\000D\000i\000s\000e\000\361\000o\000\040\000d\000e\000\040\000l\000a\000\040\000b\000\372\000s\000q\000u\000e\000d\000a\000\040\000d\000e\000\040\000l\000a\000\040\000s\000o\000l\000u\000c\000i\000\363\000n}{section*.32}% 17
\BOOKMARK [2][-]{section*.35}{\376\377\000D\000i\000s\000e\000\361\000o\000\040\000d\000e\000l\000\040\000a\000l\000g\000o\000r\000i\000t\000m\000o}{section*.32}% 18
\BOOKMARK [2][-]{section*.40}{\376\377\000C\000o\000n\000f\000i\000g\000u\000r\000a\000c\000i\000\363\000n\000\040\000d\000e\000\040\000p\000a\000r\000\341\000m\000e\000t\000r\000o\000s}{section*.32}% 19
\BOOKMARK [2][-]{section*.41}{\376\377\000D\000i\000s\000e\000\361\000o\000\040\000e\000x\000p\000e\000r\000i\000m\000e\000n\000t\000a\000l}{section*.32}% 20
\BOOKMARK [2][-]{section*.42}{\376\377\000R\000e\000s\000u\000l\000t\000a\000d\000o\000s}{section*.32}% 21
\BOOKMARK [2][-]{section*.49}{\376\377\000C\000o\000n\000c\000l\000u\000s\000i\000o\000n\000e\000s}{section*.32}% 22
\BOOKMARK [1][-]{section*.51}{\376\377\000R\000e\000f\000e\000r\000e\000n\000c\000i\000a\000s\000\040\000a\000d\000i\000c\000i\000o\000n\000a\000l\000e\000s\000\040\000a\000l\000\040\000C\000a\000m\000p\000u\000s\000\040\000V\000i\000r\000t\000u\000a\000l}{}% 23
